[    0.000000] Linux version 4.15.0-212-generic (buildd@lcy02-amd64-083) (gcc version 7.5.0 (Ubuntu 7.5.0-3ubuntu1~18.04)) #223-Ubuntu SMP Tue May 23 13:09:22 UTC 2023 (Ubuntu 4.15.0-212.223-generic 4.15.18)
[    0.000000] Command line: BOOT_IMAGE=/boot/vmlinuz-4.15.0-212-generic root=LABEL=cloudimg-rootfs ro console=tty1 console=ttyS0
[    0.000000] KERNEL supported cpus:
[    0.000000]   Intel GenuineIntel
[    0.000000]   AMD AuthenticAMD
[    0.000000]   Centaur CentaurHauls
[    0.000000] x86/fpu: Supporting XSAVE feature 0x001: 'x87 floating point registers'
[    0.000000] x86/fpu: Supporting XSAVE feature 0x002: 'SSE registers'
[    0.000000] x86/fpu: Supporting XSAVE feature 0x004: 'AVX registers'
[    0.000000] x86/fpu: xstate_offset[2]:  576, xstate_sizes[2]:  256
[    0.000000] x86/fpu: Enabled xstate features 0x7, context size is 832 bytes, using 'standard' format.
[    0.000000] e820: BIOS-provided physical RAM map:
[    0.000000] BIOS-e820: [mem 0x0000000000000000-0x000000000009fbff] usable
[    0.000000] BIOS-e820: [mem 0x000000000009fc00-0x000000000009ffff] reserved
[    0.000000] BIOS-e820: [mem 0x00000000000f0000-0x00000000000fffff] reserved
[    0.000000] BIOS-e820: [mem 0x0000000000100000-0x000000003ffeffff] usable
[    0.000000] BIOS-e820: [mem 0x000000003fff0000-0x000000003fffffff] ACPI data
[    0.000000] BIOS-e820: [mem 0x00000000fec00000-0x00000000fec00fff] reserved
[    0.000000] BIOS-e820: [mem 0x00000000fee00000-0x00000000fee00fff] reserved
[    0.000000] BIOS-e820: [mem 0x00000000fffc0000-0x00000000ffffffff] reserved
[    0.000000] NX (Execute Disable) protection: active
[    0.000000] SMBIOS 2.5 present.
[    0.000000] DMI: innotek GmbH VirtualBox/VirtualBox, BIOS VirtualBox 12/01/2006
[    0.000000] Hypervisor detected: KVM
[    0.000000] e820: last_pfn = 0x3fff0 max_arch_pfn = 0x400000000
[    0.000000] MTRR: Disabled
[    0.000000] x86/PAT: MTRRs disabled, skipping PAT initialization too.
[    0.000000] CPU MTRRs all blank - virtualized system.
[    0.000000] x86/PAT: Configuration [0-7]: WB  WT  UC- UC  WB  WT  UC- UC  
[    0.000000] found SMP MP-table at [mem 0x0009fff0-0x0009ffff]
[    0.000000] Scanning 1 areas for low memory corruption
[    0.000000] RAMDISK: [mem 0x359cb000-0x36cdcfff]
[    0.000000] ACPI: Early table checksum verification disabled
[    0.000000] ACPI: RSDP 0x00000000000E0000 000024 (v02 VBOX  )
[    0.000000] ACPI: XSDT 0x000000003FFF0030 00003C (v01 VBOX   VBOXXSDT 00000001 ASL  00000061)
[    0.000000] ACPI: FACP 0x000000003FFF00F0 0000F4 (v04 VBOX   VBOXFACP 00000001 ASL  00000061)
[    0.000000] ACPI: DSDT 0x000000003FFF0610 002353 (v02 VBOX   VBOXBIOS 00000002 INTL 20100528)
[    0.000000] ACPI: FACS 0x000000003FFF0200 000040
[    0.000000] ACPI: FACS 0x000000003FFF0200 000040
[    0.000000] ACPI: APIC 0x000000003FFF0240 00005C (v02 VBOX   VBOXAPIC 00000001 ASL  00000061)
[    0.000000] ACPI: SSDT 0x000000003FFF02A0 00036C (v01 VBOX   VBOXCPUT 00000002 INTL 20100528)
[    0.000000] ACPI: Reserving FACP table memory at [mem 0x3fff00f0-0x3fff01e3]
[    0.000000] ACPI: Reserving DSDT table memory at [mem 0x3fff0610-0x3fff2962]
[    0.000000] ACPI: Reserving FACS table memory at [mem 0x3fff0200-0x3fff023f]
[    0.000000] ACPI: Reserving FACS table memory at [mem 0x3fff0200-0x3fff023f]
[    0.000000] ACPI: Reserving APIC table memory at [mem 0x3fff0240-0x3fff029b]
[    0.000000] ACPI: Reserving SSDT table memory at [mem 0x3fff02a0-0x3fff060b]
[    0.000000] No NUMA configuration found
[    0.000000] Faking a node at [mem 0x0000000000000000-0x000000003ffeffff]
[    0.000000] NODE_DATA(0) allocated [mem 0x3ffc5000-0x3ffeffff]
[    0.000000] kvm-clock: cpu 0, msr 0:3ff44001, primary cpu clock
[    0.000000] kvm-clock: Using msrs 4b564d01 and 4b564d00
[    0.000000] kvm-clock: using sched offset of 3025752606 cycles
[    0.000000] clocksource: kvm-clock: mask: 0xffffffffffffffff max_cycles: 0x1cd42e4dffb, max_idle_ns: 881590591483 ns
[    0.000000] Zone ranges:
[    0.000000]   DMA      [mem 0x0000000000001000-0x0000000000ffffff]
[    0.000000]   DMA32    [mem 0x0000000001000000-0x000000003ffeffff]
[    0.000000]   Normal   empty
[    0.000000]   Device   empty
[    0.000000] Movable zone start for each node
[    0.000000] Early memory node ranges
[    0.000000]   node   0: [mem 0x0000000000001000-0x000000000009efff]
[    0.000000]   node   0: [mem 0x0000000000100000-0x000000003ffeffff]
[    0.000000] Reserved but unavailable: 104 pages
[    0.000000] Initmem setup node 0 [mem 0x0000000000001000-0x000000003ffeffff]
[    0.000000] ACPI: PM-Timer IO Port: 0x4008
[    0.000000] IOAPIC[0]: apic_id 2, version 32, address 0xfec00000, GSI 0-23
[    0.000000] ACPI: INT_SRC_OVR (bus 0 bus_irq 0 global_irq 2 dfl dfl)
[    0.000000] ACPI: INT_SRC_OVR (bus 0 bus_irq 9 global_irq 9 low level)
[    0.000000] Using ACPI (MADT) for SMP configuration information
[    0.000000] smpboot: Allowing 2 CPUs, 0 hotplug CPUs
[    0.000000] PM: Registered nosave memory: [mem 0x00000000-0x00000fff]
[    0.000000] PM: Registered nosave memory: [mem 0x0009f000-0x0009ffff]
[    0.000000] PM: Registered nosave memory: [mem 0x000a0000-0x000effff]
[    0.000000] PM: Registered nosave memory: [mem 0x000f0000-0x000fffff]
[    0.000000] e820: [mem 0x40000000-0xfebfffff] available for PCI devices
[    0.000000] Booting paravirtualized kernel on KVM
[    0.000000] clocksource: refined-jiffies: mask: 0xffffffff max_cycles: 0xffffffff, max_idle_ns: 7645519600211568 ns
[    0.000000] setup_percpu: NR_CPUS:8192 nr_cpumask_bits:2 nr_cpu_ids:2 nr_node_ids:1
[    0.000000] percpu: Embedded 50 pages/cpu s167936 r8192 d28672 u1048576
[    0.000000] PV qspinlock hash table entries: 256 (order: 0, 4096 bytes)
[    0.000000] Built 1 zonelists, mobility grouping on.  Total pages: 257913
[    0.000000] Policy zone: DMA32
[    0.000000] Kernel command line: BOOT_IMAGE=/boot/vmlinuz-4.15.0-212-generic root=LABEL=cloudimg-rootfs ro console=tty1 console=ttyS0
[    0.000000] Memory: 982644K/1048120K available (12300K kernel code, 2477K rwdata, 4324K rodata, 2480K init, 2720K bss, 65476K reserved, 0K cma-reserved)
[    0.000000] SLUB: HWalign=64, Order=0-3, MinObjects=0, CPUs=2, Nodes=1
[    0.000000] ftrace: allocating 39508 entries in 155 pages
[    0.004000] Hierarchical RCU implementation.
[    0.004000] 	RCU restricting CPUs from NR_CPUS=8192 to nr_cpu_ids=2.
[    0.004000] 	Tasks RCU enabled.
[    0.004000] RCU: Adjusting geometry for rcu_fanout_leaf=16, nr_cpu_ids=2
[    0.004000] NR_IRQS: 524544, nr_irqs: 440, preallocated irqs: 16
[    0.004000] random: crng init done
[    0.004000] Console: colour VGA+ 80x25
[    0.004000] console [tty1] enabled
[    0.004000] console [ttyS0] enabled
[    0.004000] ACPI: Core revision 20170831
[    0.004000] ACPI: 2 ACPI AML tables successfully acquired and loaded
[    0.004000] APIC: Switch to symmetric I/O mode setup
[    0.004000] x2apic enabled
[    0.004000] Switched APIC routing to physical x2apic.
[    0.004000] ..TIMER: vector=0x30 apic1=0 pin1=2 apic2=-1 pin2=-1
[    0.004000] tsc: Detected 3096.000 MHz processor
[    0.004005] Calibrating delay loop (skipped) preset value.. 6192.00 BogoMIPS (lpj=12384000)
[    0.005133] pid_max: default: 32768 minimum: 301
[    0.005753] Security Framework initialized
[    0.006293] Yama: becoming mindful.
[    0.006823] AppArmor: AppArmor initialized
[    0.007534] Dentry cache hash table entries: 131072 (order: 8, 1048576 bytes)
[    0.008045] Inode-cache hash table entries: 65536 (order: 7, 524288 bytes)
[    0.008914] Mount-cache hash table entries: 2048 (order: 2, 16384 bytes)
[    0.009752] Mountpoint-cache hash table entries: 2048 (order: 2, 16384 bytes)
[    0.010869] Last level iTLB entries: 4KB 64, 2MB 8, 4MB 8
[    0.012001] Last level dTLB entries: 4KB 64, 2MB 0, 4MB 0, 1GB 4
[    0.012760] Spectre V1 : Mitigation: usercopy/swapgs barriers and __user pointer sanitization
[    0.013844] Spectre V2 : Mitigation: Retpolines
[    0.014428] Spectre V2 : Spectre v2 / SpectreRSB mitigation: Filling RSB on context switch
[    0.015538] Spectre V2 : Spectre v2 / SpectreRSB : Filling RSB on VMEXIT
[    0.016001] RETBleed: WARNING: Spectre v2 mitigation leaves CPU vulnerable to RETBleed attacks, data leaks possible!
[    0.017345] RETBleed: Vulnerable
[    0.017775] Speculative Store Bypass: Vulnerable
[    0.018425] MMIO Stale Data: Mitigation: Clear CPU buffers
[    0.019142] SRBDS: Unknown: Dependent on hypervisor status
[    0.020122] Freeing SMP alternatives memory: 36K
[    0.129862] smpboot: CPU0: Intel(R) Core(TM) i5-10500 CPU @ 3.10GHz (family: 0x6, model: 0xa5, stepping: 0x3)
[    0.131646] Performance Events: unsupported p6 CPU model 165 no PMU driver, software events only.
[    0.132000] Hierarchical SRCU implementation.
[    0.132427] NMI watchdog: Perf event create on CPU 0 failed with -2
[    0.133214] NMI watchdog: Perf NMI watchdog permanently disabled
[    0.134034] smp: Bringing up secondary CPUs ...
[    0.134920] x86: Booting SMP configuration:
[    0.135543] .... node  #0, CPUs:      #1
[    0.004000] kvm-clock: cpu 1, msr 0:3ff44041, secondary cpu clock
[    0.139179] smp: Brought up 1 node, 2 CPUs
[    0.139179] smpboot: Max logical packages: 1
[    0.140002] smpboot: Total of 2 processors activated (12384.00 BogoMIPS)
[    0.140965] devtmpfs: initialized
[    0.140965] x86/mm: Memory block size: 128MB
[    0.141159] evm: security.selinux
[    0.141616] evm: security.SMACK64
[    0.142075] evm: security.SMACK64EXEC
[    0.144001] evm: security.SMACK64TRANSMUTE
[    0.144582] evm: security.SMACK64MMAP
[    0.145084] evm: security.apparmor
[    0.145557] evm: security.ima
[    0.145972] evm: security.capability
[    0.146474] clocksource: jiffies: mask: 0xffffffff max_cycles: 0xffffffff, max_idle_ns: 7645041785100000 ns
[    0.146474] futex hash table entries: 512 (order: 3, 32768 bytes)
[    0.148028] pinctrl core: initialized pinctrl subsystem
[    0.148815] RTC time: 10:11:03, date: 04/25/24
[    0.149520] NET: Registered protocol family 16
[    0.150155] audit: initializing netlink subsys (disabled)
[    0.150919] audit: type=2000 audit(1714039867.980:1): state=initialized audit_enabled=0 res=1
[    0.152007] cpuidle: using governor ladder
[    0.152593] cpuidle: using governor menu
[    0.153153] ACPI: bus type PCI registered
[    0.153698] acpiphp: ACPI Hot Plug PCI Controller Driver version: 0.5
[    0.154625] PCI: Using configuration type 1 for base access
[    0.156710] HugeTLB registered 2.00 MiB page size, pre-allocated 0 pages
[    0.156882] ACPI: Added _OSI(Module Device)
[    0.156882] ACPI: Added _OSI(Processor Device)
[    0.157197] ACPI: Added _OSI(3.0 _SCP Extensions)
[    0.160005] ACPI: Added _OSI(Processor Aggregator Device)
[    0.160712] ACPI: Added _OSI(Linux-Dell-Video)
[    0.161309] ACPI: Added _OSI(Linux-Lenovo-NV-HDMI-Audio)
[    0.162003] ACPI: Added _OSI(Linux-HPI-Hybrid-Graphics)
[    0.162893] ACPI: Executed 1 blocks of module-level executable AML code
[    0.166227] ACPI: Interpreter enabled
[    0.166742] ACPI: (supports S0 S5)
[    0.167242] ACPI: Using IOAPIC for interrupt routing
[    0.168125] PCI: Using host bridge windows from ACPI; if necessary, use "pci=nocrs" and report a bug
[    0.169413] ACPI: Enabled 2 GPEs in block 00 to 07
[    0.174288] ACPI: PCI Root Bridge [PCI0] (domain 0000 [bus 00-ff])
[    0.175097] acpi PNP0A03:00: _OSC: OS supports [ASPM ClockPM Segments MSI]
[    0.176319] acpi PNP0A03:00: _OSC: not requesting OS control; OS requires [ExtendedConfig ASPM ClockPM MSI]
[    0.177570] acpi PNP0A03:00: fail to add MMCONFIG information, can't access extended PCI configuration space under this bridge.
[    0.179286] PCI host bridge to bus 0000:00
[    0.179842] pci_bus 0000:00: root bus resource [io  0x0000-0x0cf7 window]
[    0.180002] pci_bus 0000:00: root bus resource [io  0x0d00-0xffff window]
[    0.181313] pci_bus 0000:00: root bus resource [mem 0x000a0000-0x000bffff window]
[    0.182316] pci_bus 0000:00: root bus resource [mem 0x40000000-0xfdffffff window]
[    0.183330] pci_bus 0000:00: root bus resource [bus 00-ff]
[    0.185426] pci 0000:00:01.1: legacy IDE quirk: reg 0x10: [io  0x01f0-0x01f7]
[    0.186339] pci 0000:00:01.1: legacy IDE quirk: reg 0x14: [io  0x03f6]
[    0.187180] pci 0000:00:01.1: legacy IDE quirk: reg 0x18: [io  0x0170-0x0177]
[    0.188001] pci 0000:00:01.1: legacy IDE quirk: reg 0x1c: [io  0x0376]
[    0.197848] pci 0000:00:07.0: quirk: [io  0x4000-0x403f] claimed by PIIX4 ACPI
[    0.198842] pci 0000:00:07.0: quirk: [io  0x4100-0x410f] claimed by PIIX4 SMB
[    0.205117] ACPI: PCI Interrupt Link [LNKA] (IRQs 5 9 10 *11)
[    0.206072] ACPI: PCI Interrupt Link [LNKB] (IRQs 5 9 *10 11)
[    0.206904] ACPI: PCI Interrupt Link [LNKC] (IRQs 5 *9 10 11)
[    0.207726] ACPI: PCI Interrupt Link [LNKD] (IRQs 5 9 10 *11)
[    0.208192] SCSI subsystem initialized
[    0.208729] pci 0000:00:02.0: vgaarb: setting as boot VGA device
[    0.208795] pci 0000:00:02.0: vgaarb: VGA device added: decodes=io+mem,owns=io+mem,locks=none
[    0.209893] pci 0000:00:02.0: vgaarb: bridge control possible
[    0.210651] vgaarb: loaded
[    0.212020] ACPI: bus type USB registered
[    0.212574] usbcore: registered new interface driver usbfs
[    0.213320] usbcore: registered new interface driver hub
[    0.214018] usbcore: registered new device driver usb
[    0.214699] EDAC MC: Ver: 3.0.0
[    0.214699] PCI: Using ACPI for IRQ routing
[    0.216195] NetLabel: Initializing
[    0.216670] NetLabel:  domain hash size = 128
[    0.217285] NetLabel:  protocols = UNLABELED CIPSOv4 CALIPSO
[    0.218070] NetLabel:  unlabeled traffic allowed by default
[    0.218800] clocksource: Switched to clocksource kvm-clock
[    0.223328] VFS: Disk quotas dquot_6.6.0
[    0.223873] VFS: Dquot-cache hash table entries: 512 (order 0, 4096 bytes)
[    0.224882] AppArmor: AppArmor Filesystem Enabled
[    0.225507] pnp: PnP ACPI init
[    0.226627] pnp: PnP ACPI: found 3 devices
[    0.235142] clocksource: acpi_pm: mask: 0xffffff max_cycles: 0xffffff, max_idle_ns: 2085701024 ns
[    0.236349] NET: Registered protocol family 2
[    0.236965] IP idents hash table entries: 16384 (order: 5, 131072 bytes)
[    0.238010] TCP established hash table entries: 8192 (order: 4, 65536 bytes)
[    0.238991] TCP bind hash table entries: 8192 (order: 5, 131072 bytes)
[    0.239830] TCP: Hash tables configured (established 8192 bind 8192)
[    0.240748] UDP hash table entries: 512 (order: 2, 16384 bytes)
[    0.241517] UDP-Lite hash table entries: 512 (order: 2, 16384 bytes)
[    0.242355] NET: Registered protocol family 1
[    0.242951] pci 0000:00:00.0: Limiting direct PCI/PCI transfers
[    0.243741] pci 0000:00:01.0: Activating ISA DMA hang workarounds
[    0.244633] pci 0000:00:02.0: Video device with shadowed ROM at [mem 0x000c0000-0x000dffff]
[    0.245798] Unpacking initramfs...
[    0.446062] Freeing initrd memory: 19528K
[    0.446950] clocksource: tsc: mask: 0xffffffffffffffff max_cycles: 0x2ca08564bf3, max_idle_ns: 440795312460 ns
[    0.448672] platform rtc_cmos: registered platform RTC device (no PNP device found)
[    0.449664] Scanning for low memory corruption every 60 seconds
[    0.450984] Initialise system trusted keyrings
[    0.451562] Key type blacklist registered
[    0.452166] workingset: timestamp_bits=36 max_order=18 bucket_order=0
[    0.453571] zbud: loaded
[    0.454293] squashfs: version 4.0 (2009/01/31) Phillip Lougher
[    0.455267] fuse init (API version 7.26)
[    0.457218] Key type asymmetric registered
[    0.457757] Asymmetric key parser 'x509' registered
[    0.458399] Block layer SCSI generic (bsg) driver version 0.4 loaded (major 246)
[    0.459434] io scheduler noop registered
[    0.459947] io scheduler deadline registered
[    0.460546] io scheduler cfq registered (default)
[    0.461417] ACPI: AC Adapter [AC] (on-line)
[    0.462035] input: Power Button as /devices/LNXSYSTM:00/LNXPWRBN:00/input/input0
[    0.463092] ACPI: Power Button [PWRF]
[    0.463631] input: Sleep Button as /devices/LNXSYSTM:00/LNXSLPBN:00/input/input1
[    0.464634] ACPI: Sleep Button [SLPF]
[    0.465412] Serial: 8250/16550 driver, 32 ports, IRQ sharing enabled
[    0.486695] 00:02: ttyS0 at I/O 0x3f8 (irq = 4, base_baud = 115200) is a 16550A
[    0.489371] Linux agpgart interface v0.103
[    0.490800] loop: module loaded
[    0.491629] scsi host0: ata_piix
[    0.492252] scsi host1: ata_piix
[    0.492709] ata1: PATA max UDMA/33 cmd 0x1f0 ctl 0x3f6 bmdma 0xd000 irq 14
[    0.493600] ata2: PATA max UDMA/33 cmd 0x170 ctl 0x376 bmdma 0xd008 irq 15
[    0.494590] tun: Universal TUN/TAP device driver, 1.6
[    0.495387] PPP generic driver version 2.4.2
[    0.496151] ehci_hcd: USB 2.0 'Enhanced' Host Controller (EHCI) Driver
[    0.496984] ehci-pci: EHCI PCI platform driver
[    0.497566] ehci-platform: EHCI generic platform driver
[    0.498341] ohci_hcd: USB 1.1 'Open' Host Controller (OHCI) Driver
[    0.499129] ohci-pci: OHCI PCI platform driver
[    0.499754] ohci-platform: OHCI generic platform driver
[    0.500456] uhci_hcd: USB Universal Host Controller Interface driver
[    0.501322] i8042: PNP: PS/2 Controller [PNP0303:PS2K,PNP0f03:PS2M] at 0x60,0x64 irq 1,12
[    0.502795] serio: i8042 KBD port at 0x60,0x64 irq 1
[    0.503448] serio: i8042 AUX port at 0x60,0x64 irq 12
[    0.504266] mousedev: PS/2 mouse device common for all mice
[    0.505373] input: AT Translated Set 2 keyboard as /devices/platform/i8042/serio0/input/input2
[    0.506564] rtc_cmos rtc_cmos: rtc core: registered rtc_cmos as rtc0
[    0.507508] rtc_cmos rtc_cmos: alarms up to one day, 114 bytes nvram
[    0.508337] i2c /dev entries driver
[    0.508873] device-mapper: uevent: version 1.0.3
[    0.509578] device-mapper: ioctl: 4.37.0-ioctl (2017-09-20) initialised: dm-devel@redhat.com
[    0.510717] ledtrig-cpu: registered to indicate activity on CPUs
[    0.511715] NET: Registered protocol family 10
[    0.514148] Segment Routing with IPv6
[    0.514694] NET: Registered protocol family 17
[    0.515338] Key type dns_resolver registered
[    0.516029] mce: Using 0 MCE banks
[    0.516529] RAS: Correctable Errors collector initialized.
[    0.517310] sched_clock: Marking stable (516012058, 0)->(631392523, -115380465)
[    0.518494] registered taskstats version 1
[    0.519047] Loading compiled-in X.509 certificates
[    0.520962] Loaded X.509 cert 'Build time autogenerated kernel key: b5b26778eaa3ab3a4a6cee031137706e947d12ad'
[    0.522676] Loaded X.509 cert 'Canonical Ltd. Live Patch Signing: 14df34d1a87cf37625abec039ef2bf521249b969'
[    0.524338] Loaded X.509 cert 'Canonical Ltd. Kernel Module Signing: 88f752e560a1e0737e31163a466ad7b70a850c19'
[    0.525654] blacklist: Loading compiled-in revocation X.509 certificates
[    0.526552] Loaded X.509 cert 'Canonical Ltd. Secure Boot Signing: 61482aa2830d0ab2ad5af10b7250da9033ddcef0'
[    0.527841] Loaded X.509 cert 'Canonical Ltd. Secure Boot Signing (2017): 242ade75ac4a15e50d50c84b0d45ff3eae707a03'
[    0.529202] Loaded X.509 cert 'Canonical Ltd. Secure Boot Signing (ESM 2018): 365188c1d374d6b07c3c8f240f8ef722433d6a8b'
[    0.530595] Loaded X.509 cert 'Canonical Ltd. Secure Boot Signing (2019): c0746fd6c5da3ae827864651ad66ae47fe24b3e8'
[    0.531946] Loaded X.509 cert 'Canonical Ltd. Secure Boot Signing (2021 v1): a8d54bbb3825cfb94fa13c9f8a594a195c107b8d'
[    0.533333] Loaded X.509 cert 'Canonical Ltd. Secure Boot Signing (2021 v2): 4cf046892d6fd3c9a5b03f98d845f90851dc6a8c'
[    0.534685] Loaded X.509 cert 'Canonical Ltd. Secure Boot Signing (2021 v3): 100437bb6de6e469b581e61cd66bce3ef4ed53af'
[    0.536102] Loaded X.509 cert 'Canonical Ltd. Secure Boot Signing (Ubuntu Core 2019): c1d57b8f6b743f23ee41f4f7ee292f06eecadfb9'
[    0.537611] zswap: loaded using pool lzo/zbud
[    0.539993] Key type big_key registered
[    0.540535] Key type trusted registered
[    0.541848] Key type encrypted registered
[    0.542396] AppArmor: AppArmor sha1 policy hashing enabled
[    0.543151] ima: No TPM chip found, activating TPM-bypass! (rc=-19)
[    0.543952] ima: Allocated hash algorithm: sha1
[    0.544583] evm: HMAC attrs: 0x1
[    0.545217]   Magic number: 4:542:174
[    0.545852] rtc_cmos rtc_cmos: setting system clock to 2024-04-25 10:11:03 UTC (1714039863)
[    0.547008] BIOS EDD facility v0.16 2004-Jun-25, 0 devices found
[    0.547777] EDD information not available.
[    0.698330] Freeing unused kernel image memory: 2480K
[    0.873687] Write protecting the kernel read-only data: 20480k
[    0.875392] Freeing unused kernel image memory: 2008K
[    0.876598] Freeing unused kernel image memory: 1820K
[    0.883194] x86/mm: Checked W+X mappings: passed, no W+X pages found.
Loading, please wait...
starting version 237
[    0.915155] e1000: Intel(R) PRO/1000 Network Driver - version 7.3.21-k8-NAPI
[    0.916412] e1000: Copyright (c) 1999-2006 Intel Corporation.
[    0.922641] Fusion MPT base driver 3.04.20
[    0.923189] Copyright (c) 1999-2008 LSI Corporation
[    0.930675] Fusion MPT SPI Host driver 3.04.20
[    0.933948] AVX2 version of gcm_enc/dec engaged.
[    0.934613] AES CTR mode by8 optimization enabled
[    1.154840] input: ImExPS/2 Generic Explorer Mouse as /devices/platform/i8042/serio1/input/input4
[    1.496581] e1000 0000:00:03.0 eth0: (PCI:33MHz:32-bit) 02:3b:7b:b7:3b:2d
[    1.497689] e1000 0000:00:03.0 eth0: Intel(R) PRO/1000 Network Connection
[    1.499538] mptbase: ioc0: Initiating bringup
[    2.460852] ioc0: LSI53C1030 A0: Capabilities={Initiator}
[    4.814889] scsi host2: ioc0: LSI53C1030 A0, FwRev=00000000h, Ports=1, MaxQ=256, IRQ=20
[    5.893383] scsi 2:0:0:0: Direct-Access     VBOX     HARDDISK         1.0  PQ: 0 ANSI: 5
[    5.932390] scsi target2:0:0: Beginning Domain Validation
[    5.978355] scsi target2:0:0: Domain Validation skipping write tests
[    5.979433] scsi target2:0:0: Ending Domain Validation
[    5.984063] scsi target2:0:0: asynchronous
[    5.996940] scsi 2:0:1:0: Direct-Access     VBOX     HARDDISK         1.0  PQ: 0 ANSI: 5
[    6.030310] scsi target2:0:1: Beginning Domain Validation
[    6.033662] scsi target2:0:1: Domain Validation skipping write tests
[    6.034570] scsi target2:0:1: Ending Domain Validation
[    6.035336] scsi target2:0:1: asynchronous
[    6.038982] sd 2:0:0:0: [sda] 83886080 512-byte logical blocks: (42.9 GB/40.0 GiB)
[    6.040159] sd 2:0:0:0: [sda] Write Protect is off
[    6.040917] sd 2:0:0:0: [sda] Incomplete mode parameter data
[    6.041698] sd 2:0:0:0: [sda] Assuming drive cache: write through
[    6.043795] sd 2:0:0:0: Attached scsi generic sg0 type 0
[    6.048632]  sda: sda1
[    6.052136] sd 2:0:1:0: Attached scsi generic sg1 type 0
[    6.053033] sd 2:0:0:0: [sda] Attached SCSI disk
[    6.053791] sd 2:0:1:0: [sdb] 20480 512-byte logical blocks: (10.5 MB/10.0 MiB)
[    6.054843] sd 2:0:1:0: [sdb] Write Protect is off
[    6.055577] sd 2:0:1:0: [sdb] Incomplete mode parameter data
[    6.056381] sd 2:0:1:0: [sdb] Assuming drive cache: write through
[    6.058662] sd 2:0:1:0: [sdb] Attached SCSI disk
[    6.263505] e1000 0000:00:08.0 eth1: (PCI:33MHz:32-bit) 08:00:27:5f:76:90
[    6.264679] e1000 0000:00:08.0 eth1: Intel(R) PRO/1000 Network Connection
[    6.266240] e1000 0000:00:08.0 enp0s8: renamed from eth1
[    6.337226] e1000 0000:00:03.0 enp0s3: renamed from eth0
Begin: Loading essential drivers ... [    8.168399] raid6: sse2x1   gen() 14668 MB/s
[    8.216161] raid6: sse2x1   xor()  8618 MB/s
[    8.264019] raid6: sse2x2   gen() 17993 MB/s
[    8.312049] raid6: sse2x2   xor() 11667 MB/s
[    8.360614] raid6: sse2x4   gen() 19111 MB/s
[    8.408461] raid6: sse2x4   xor() 10188 MB/s
[    8.456265] raid6: avx2x1   gen() 28863 MB/s
[    8.504129] raid6: avx2x1   xor() 17166 MB/s
[    8.552927] raid6: avx2x2   gen() 32300 MB/s
[    8.600714] raid6: avx2x2   xor() 21940 MB/s
[    8.648194] raid6: avx2x4   gen() 37141 MB/s
[    8.696067] raid6: avx2x4   xor() 22856 MB/s
[    8.696868] raid6: using algorithm avx2x4 gen() 37141 MB/s
[    8.697896] raid6: .... xor() 22856 MB/s, rmw enabled
[    8.698693] raid6: using avx2x2 recovery algorithm
[    8.700436] xor: automatically using best checksumming function   avx       
[    8.702125] async_tx: api initialized (async)
done.
Begin: Running /scripts/init-premount ... done.
Begin: Mounting root file system ... Begin: Running /scripts/local-top ... done.
Begin: Running /scripts/local-premount ... [    8.732181] Btrfs loaded, crc32c=crc32c-intel
Scanning for Btrfs filesystems
done.
Warning: fsck not present, so skipping root file system
[    8.751488] EXT4-fs (sda1): mounted filesystem with ordered data mode. Opts: (null)
done.
Begin: Running /scripts/local-bottom ... done.
Begin: Running /scripts/init-bottom ... done.
[    8.868981] ip_tables: (C) 2000-2006 Netfilter Core Team
[    8.874898] systemd[1]: systemd 237 running in system mode. (+PAM +AUDIT +SELINUX +IMA +APPARMOR +SMACK +SYSVINIT +UTMP +LIBCRYPTSETUP +GCRYPT +GNUTLS +ACL +XZ +LZ4 +SECCOMP +BLKID +ELFUTILS +KMOD -IDN2 +IDN -PCRE2 default-hierarchy=hybrid)
[    8.877723] systemd[1]: Detected virtualization oracle.
[    8.878431] systemd[1]: Detected architecture x86-64.

Welcome to [1mUbuntu 18.04.6 LTS[0m!

[    8.882369] systemd[1]: Set hostname to <ubuntu>.
[    8.884383] systemd[1]: Initializing machine ID from random generator.
[    8.885239] systemd[1]: Installed transient /etc/machine-id file.
[    9.045895] systemd[1]: Created slice System Slice.
[[0;32m  OK  [0m] Created slice System Slice.
[    9.056591] systemd[1]: Listening on Journal Socket.
[[0;32m  OK  [0m] Listening on Journal Socket.
[    9.058187] systemd[1]: Starting Uncomplicated firewall...
         Starting Uncomplicated firewall...
[    9.059961] systemd[1]: Listening on Syslog Socket.
[[0;32m  OK  [0m] Listening on Syslog Socket.
[[0;32m  OK  [0m] Listening on Journal Socket (/dev/log).
         Mounting Kernel Debug File System...
[[0;32m  OK  [0m] Listening on udev Control Socket.
[[0;32m  OK  [0m] Set up automount Arbitrary Executab…rmats File System Automount Point.
[[0;32m  OK  [0m] Listening on LVM2 metadata daemon socket.
[[0;32m  OK  [0m] Listening on Device-mapper event daemon FIFOs.
         Starting Monitoring of LVM2 mirrors…ng dmeventd or progress polling...
         Starting Create list of required st…ce nodes for the current kernel...
[[0;32m  OK  [0m] Listening on Journal Audit Socket.
         Mounting Huge Pages File System...
         Mounting POSIX Message Queue File System...
[[0;32m  OK  [0m] Listening on LVM2 poll daemon socket.
[[0;32m  OK  [0m] Listening on fsck to fsckd communication Socket.
         Starting File System Check on Root Device...
         Starting Set the console keyboard layout...
         Starting Load Kernel Modules...
[[0;32m  OK  [0m] Reached target User and Group Name Lookups.
         Starting Journal Service...
[[0;32m  OK  [0m] Reached target Mounting snaps.
[[0;32m  OK  [0m] Created slice User and Session Slice.
[[0;32m  OK  [0m] Reached target Slices.
[[0;32m  OK  [0m] Reached target Mounted snaps.
[[0;32m  OK  [0m] Listening on Network Service Netlink Socket.
[[0;32m  OK  [0m] Listening on /dev/initctl Compatibility Named Pipe.
[[0;32m  OK  [0m] Created slice system-serial\x2dgetty.slice.
[[0;32m  OK  [0m] Reached target System Time Synchronized.
[[0;32m  OK  [0m] Started Forward Password Requests to Wall Directory Watch.
[[0;32m  OK  [0m] Reached target Swap.
[[0;32m  OK  [0m] Listening on udev Kernel Socket.
         Starting udev Coldplug all Devices...
[[0;32m  OK  [0m] Started Uncomplicated firewall.
[[0;32m  OK  [0m] Mounted Kernel Debug File System.
[[0;32m  OK  [0m] Started Create list of required sta…vice nodes for the current kernel.
[[0;32m  OK  [0m] Mounted Huge Pages File System.
[[0;32m  OK  [0m] Mounted POSIX Message Queue File System.
[[0;32m  OK  [0m] Started File System Check Daemon to report status.
         Starting Create Static Device Nodes in /dev...
[[0;32m  OK  [0m] Started LVM2 metadata daemon.
[    9.123161] Loading iSCSI transport class v2.0-870.
[    9.127484] iscsi: registered transport (tcp)
[    9.137718] iscsi: registered transport (iser)
[[0;32m  OK  [0m] Started Load Kernel Modules.
         Starting Apply Kernel Variables...
         Mounting FUSE Control File System...
         Mounting Kernel Configuration File System...
[[0;32m  OK  [0m] Mounted FUSE Control File System.
[[0;32m  OK  [0m] Mounted Kernel Configuration File System.
[[0;32m  OK  [0m] Started Journal Service.
[[0;32m  OK  [0m] Started udev Coldplug all Devices.
[[0;32m  OK  [0m] Started Create Static Device Nodes in /dev.
[[0;32m  OK  [0m] Started File System Check on Root Device.
         Starting Remount Root and Kernel File Systems...
[[0;32m  OK  [0m] Started Remount Root and Kernel File Systems.
[[0;32m  OK  [0m] Started Monitoring of LVM2 mirrors,…sing dmeventd or progress polling.
[[0;32m  OK  [0m] Started Apply Kernel Variables.
         Starting udev Kernel Device Manager...
         Starting Flush Journal to Persistent Storage...
         Starting Load/Save Random Seed...
[[0;32m  OK  [0m] Started udev Kernel Device Manager.
[[0;32m  OK  [0m] Started Load/Save Random Seed.
[[0;32m  OK  [0m] Started Flush Journal to Persistent Storage.
[[0;32m  OK  [0m] Found device /dev/ttyS0.
[[0;32m  OK  [0m] Listening on Load/Save RF Kill Switch Status /dev/rfkill Watch.
         Mounting Arbitrary Executable File Formats File System...
[[0;32m  OK  [0m] Mounted Arbitrary Executable File Formats File System.
[[0;32m  OK  [0m] Started Set the console keyboard layout.
[[0;32m  OK  [0m] Reached target Local File Systems (Pre).
[[0;32m  OK  [0m] Reached target Local File Systems.
         Starting Tell Plymouth To Write Out Runtime Data...
         Starting Commit a transient machine-id on disk...
         Starting ebtables ruleset management...
         Starting AppArmor initialization...
         Starting Create Volatile Files and Directories...
         Starting Set console font and keymap...
[[0;32m  OK  [0m] Started Dispatch Password Requests to Console Directory Watch.
[[0;32m  OK  [0m] Reached target Local Encrypted Volumes.
[[0;32m  OK  [0m] Started Tell Plymouth To Write Out Runtime Data.
[[0;32m  OK  [0m] Started Commit a transient machine-id on disk.
[[0;32m  OK  [0m] Started Create Volatile Files and Directories.
         Starting Update UTMP about System Boot/Shutdown...
[[0;32m  OK  [0m] Started Update UTMP about System Boot/Shutdown.
[[0;32m  OK  [0m] Started ebtables ruleset management.
[[0;32m  OK  [0m] Started AppArmor initialization.
         Starting Load AppArmor profiles managed internally by snapd...
         Starting Initial cloud-init job (pre-networking)...
[[0;32m  OK  [0m] Started Load AppArmor profiles managed internally by snapd.
[[0;32m  OK  [0m] Started Set console font and keymap.
[   11.260308] cloud-init[899]: Cloud-init v. 23.1.2-0ubuntu0~18.04.1 running 'init-local' at Thu, 25 Apr 2024 10:11:14 +0000. Up 11.04 seconds.
[[0;32m  OK  [0m] Started Initial cloud-init job (pre-networking).
[[0;32m  OK  [0m] Reached target Network (Pre).
         Starting Network Service...
[[0;32m  OK  [0m] Started Network Service.
         Starting Wait for Network to be Configured...
         Starting Network Name Resolution...
[[0;32m  OK  [0m] Started Network Name Resolution.
[[0;32m  OK  [0m] Reached target Network.
[[0;32m  OK  [0m] Reached target Host and Network Name Lookups.
[[0;32m  OK  [0m] Started Wait for Network to be Configured.
         Starting Initial cloud-init job (metadata service crawler)...
[   13.219934] cloud-init[1064]: Cloud-init v. 23.1.2-0ubuntu0~18.04.1 running 'init' at Thu, 25 Apr 2024 10:11:16 +0000. Up 13.12 seconds.
[   13.220856] cloud-init[1064]: ci-info: ++++++++++++++++++++++++++++++++++++++Net device info+++++++++++++++++++++++++++++++++++++++
[   13.221495] cloud-init[1064]: ci-info: +--------+-------+----------------------------+---------------+--------+-------------------+
[   13.222605] cloud-init[1064]: ci-info: | Device |   Up  |          Address           |      Mask     | Scope  |     Hw-Address    |
[   13.223596] cloud-init[1064]: ci-info: +--------+-------+----------------------------+---------------+--------+-------------------+
[   13.224654] cloud-init[1064]: ci-info: | enp0s3 |  True |         10.0.2.15          | 255.255.255.0 | global | 02:3b:7b:b7:3b:2d |
[   13.225774] cloud-init[1064]: ci-info: | enp0s3 |  True | fe80::3b:7bff:feb7:3b2d/64 |       .       |  link  | 02:3b:7b:b7:3b:2d |
[   13.226815] cloud-init[1064]: ci-info: | enp0s8 | False |             .              |       .       |   .    | 08:00:27:5f:76:90 |
[   13.227852] cloud-init[1064]: ci-info: |   lo   |  True |         127.0.0.1          |   255.0.0.0   |  host  |         .         |
[   13.228910] cloud-init[1064]: ci-info: |   lo   |  True |          ::1/128           |       .       |  host  |         .         |
[   13.230089] cloud-init[1064]: ci-info: +--------+-------+----------------------------+---------------+--------+-------------------+
[   13.231254] cloud-init[1064]: ci-info: ++++++++++++++++++++++++++++Route IPv4 info+++++++++++++++++++++++++++++
[   13.232273] cloud-init[1064]: ci-info: +-------+-------------+----------+-----------------+-----------+-------+
[   13.233193] cloud-init[1064]: ci-info: | Route | Destination | Gateway  |     Genmask     | Interface | Flags |
[   13.234165] cloud-init[1064]: ci-info: +-------+-------------+----------+-----------------+-----------+-------+
[   13.235152] cloud-init[1064]: ci-info: |   0   |   0.0.0.0   | 10.0.2.2 |     0.0.0.0     |   enp0s3  |   UG  |
[   13.236132] cloud-init[1064]: ci-info: |   1   |   10.0.2.0  | 0.0.0.0  |  255.255.255.0  |   enp0s3  |   U   |
[   13.237014] cloud-init[1064]: ci-info: |   2   |   10.0.2.2  | 0.0.0.0  | 255.255.255.255 |   enp0s3  |   UH  |
[   13.237909] cloud-init[1064]: ci-info: +-------+-------------+----------+-----------------+-----------+-------+
[   13.238804] cloud-init[1064]: ci-info: +++++++++++++++++++Route IPv6 info+++++++++++++++++++
[   13.239571] cloud-init[1064]: ci-info: +-------+-------------+---------+-----------+-------+
[   13.268586] cloud-init[1064]: ci-info: | Route | Destination | Gateway | Interface | Flags |
[   13.269446] cloud-init[1064]: ci-info: +-------+-------------+---------+-----------+-------+
[   13.270231] cloud-init[1064]: ci-info: |   1   |  fe80::/64  |    ::   |   enp0s3  |   U   |
[   13.271016] cloud-init[1064]: ci-info: |   3   |    local    |    ::   |   enp0s3  |   U   |
[   13.271815] cloud-init[1064]: ci-info: |   4   |   ff00::/8  |    ::   |   enp0s3  |   U   |
[   13.272615] cloud-init[1064]: ci-info: +-------+-------------+---------+-----------+-------+
[   13.823548] cloud-init[1064]: Generating public/private rsa key pair.
[   13.824037] cloud-init[1064]: Your identification has been saved in /etc/ssh/ssh_host_rsa_key.
[   13.824591] cloud-init[1064]: Your public key has been saved in /etc/ssh/ssh_host_rsa_key.pub.
[   13.825447] cloud-init[1064]: The key fingerprint is:
[   13.836542] cloud-init[1064]: SHA256:vba3cH+4+ULnIKiW4/yfdWN8kxT/RnJVHBYFQvqr3e4 root@ubuntu-bionic
[   13.848621] cloud-init[1064]: The key's randomart image is:
[[0;32m  OK  [0m] Started Initial cloud-init job (metadata service crawler).
[[0;32m  OK  [0m] Reached target Cloud-config availability.
[[0;32m  OK  [0m] Reached target Network is Online.
[   13.862136] cloud-init[1064]: +---[RSA 2048]----+
[   13.873502] cloud-init[1064]: |           .o .**|
[   13.873797] cloud-init[1064]: |           . .. o|
[[0;32m  OK  [0m] Reached target Remote File Systems (Pre).
[   13.888504] [cloud-init[0;32m  OK  [0m[1064]: ] |          .    ..|Reached target Remote File Systems.

[   13.889608]          Starting Availability of block devices...
[[0;32m  OK  [0m] Reached target System Initialization.
[[0;32m  OK  [0m] Listening on cloud-init hotplug hook socket.
[[0;32m  OK  [0m] Listening on ACPID Listen Socket.
[[0;32m  OK  [0m] Started Discard unused blocks once a week.
cloud-init[[0;32m  OK  [0m] Started ACPI Events Check.
[[0;32m  OK  [0m] Listening on D-Bus System Message Bus Socket.
[[0;32m  OK  [0m] Reached target Paths.
[[0;32m  OK  [0m] Started Message of the Day.
[[0;32m  OK  [0m] Started Daily apt download activities.
[[0;32m  OK  [0m] Listening on UUID daemon activation socket.
[1064]: |         . .    +|
         Starting LXD - unix socket.
[   13.897496] [[0;32m  OK  [0m] Started Daily Cleanup of Temporary Directories.
[[0;32m  OK  [0m] Listening on Open-iSCSI iscsid Socket.
[[0;32m  OK  [0m] Started Ubuntu Advantage Timer for running repeated jobs.
         Starting Socket activation for snappy daemon.
cloud-init[1064]: [[0;32m  OK  [0m] Started Daily apt upgrade and clean activities.
[[0;32m  OK  [0m] Reached target Timers.
[[0;32m  OK  [0m] Listening on LXD - unix socket.
[[0;32m  OK  [0m] Listening on Socket activation for snappy daemon.
[[0;32m  OK  [0m] Reached target Sockets.
[[0;32m  OK  [0m] Reached target Basic System.
[[0;32m  OK  [0m] Reached target Login Prompts (Pre).
|        S ... ..+|
         Starting Virtualbox guest utils...
[[0;32m  OK  [0m] Started D-Bus System Message Bus.
[   13.905694] cloud-init[1064]: |          ....=++|
[   13.907184] cloud-init[1064]: |         o+ oo.@=|
[   13.907942] cloud-init[1064]: |       .=. *.=++*|
[   13.908993] cloud-init[1064]: |       ooo+o=+E=.|
[   13.909613] cloud-init[1064]: +----[SHA256]-----+
[   13.910201] cloud-init[1064]: Generating public/private dsa key pair.
[   13.911005] cloud-init[1064]: Your identification has been saved in /etc/ssh/ssh_host_dsa_key.
[   13.912307] cloud-init[1064]: Your public key has been saved in /etc/ssh/ssh_host_dsa_key.pub.
[   13.915495] cloud-init[1064]: The key fingerprint is:
[   13.924129] cloud-init[1064]: SHA256:XfE5KZls6dffXdE6QZldQtVQfkkmjf20AgapPSmudss root@ubuntu-bionic
[   13.925053] cloud-init[1064]: The key's randomart image is:
[   13.925703] cloud-init[1064]: +---[DSA 1024]----+
[   13.926303] cloud-init[1064]: |         .o .oOX*|
[   13.926899] cloud-init[1064]: |         . + O*B*|
[   13.927498] cloud-init[1064]: |        o o X *+*|
[   13.928187] cloud-init[1064]: |       o = + o *+|
[   13.928792] cloud-init[1064]: |      . S o . = o|
[   13.929437] cloud-init[1064]: |       .     . .=|
[   13.930074] cloud-init[1064]: |      .         +|
[   13.930997] cloud-init[1064]: |     o..         |
[   13.931919] cloud-init[1064]: |    . .E.        |
[   13.933093] cloud-init[1064]: +----[SHA256]-----+
[   13.933835] cloud-init[1064]: Generating public/private ecdsa key pair.
[   13.934699] cloud-init[1064]: Your identification has been saved in /etc/ssh/ssh_host_ecdsa_key.
[   13.935610] cloud-init[1064]: Your public key has been saved in /etc/ssh/ssh_host_ecdsa_key.pub.
[   13.936543] cloud-init[1064]: The key fingerprint is:
[   13.937155] cloud-init[1064]: SHA256:iXVZGvr4fjDpfNhCUTfgNvCT7uhp+Q0TwVZ8iIm7u54 root@ubuntu-bionic
[   13.938086] cloud-init[1064]: The key's randomart image is:
[   13.938736] cloud-init         Starting Snap Daemon...
[[0;32m  OK  [0m] Started Deferred execution scheduler.
         Starting System Logging Service...
[1064]:          Starting LSB: automatic crash report generation...
[[0;32m  OK  [0m] Started irqbalance daemon.
         Starting Accounts Service...
         Starting Pollinate to seed the pseudo random number generator...
         Starting LXD - container startup/shutdown...
         Starting Dispatcher daemon for systemd-networkd...
         Starting LSB: Record successful boot for GRUB...
         Starting Permit User Sessions...
[[0;32m  OK  [0m] Started FUSE filesystem for LXC.
         Starting Login Service...
[[0;32m  OK  [0m] Started Regular background program processing daemon.
[[0;32m  OK  [0m] Started Availability of block devices.
+---[ECDSA 256]---+
[   13.957362] cloud-init[1064]: |          o.o=.. |
[   13.957861] cloud-init[1064]: |         ..X+o= .|
[   13.958546] cloud-init[1064]: |        o +o@. o |
[   13.959184] cloud-init[1064]: |       o =o+ +   |
[   13.959768] cloud-init[1064]: |      . S .+o    |
[   13.960382] cloud-init[1064]: |         .*o .   |
[   13.961935] cloud-init[1064]: |         +oB+    |
[   13.962720] cloud-init[1064]: |         oOo++   |
[   13.963490] cloud-init[1064]: |         oE*. .  |
[   13.964425] cloud-init[1064]: +----[SHA256]-----+
[[0;32m  OK  [0m] Started System Logging Service.
[   13.967449] cloud-init[1064]: Generating public/private ed25519 key pair.
[   13.968248] cloud-init[1064]: Your identification has been saved in /etc/ssh/ssh_host_ed25519_key.
[   13.969185] cloud-init[1064]: Your public key has been saved in /etc/ssh/ssh_host_ed25519_key.pub.
[   13.970547] cloud-init[1064]: The key fingerprint is:
[   13.971577] cloud-init[1064]: SHA256:Me2qXAL5moauMU+0ZfINWirgoeid4oS8or0UNBAM7j8 root@ubuntu-bionic
[   13.972632] cloud-init[1064]: The key's randomart image is:
[   13.973635] cloud-init[1064]: +--[ED25519 256]--+
[   13.974493] cloud-init[1064]: |*.               |
[   13.976495] cloud-init[1064]: |.o       .       |
[   13.977084] cloud-init[1064]: | .o     o .      |
[   13.977684] cloud-init[1064]: |.. . .   +       |
[   13.978278] cloud-init[1064]: |.o+ B   S .      |
[   13.978861] cloud-init[1064]: |B.o@ =   .       |
[   13.979465] cloud-init[1064]: |B+*E. + o        |
[   13.980090] cloud-init[1064]: |+X+ ++ +         |
[   13.980711] cloud-init[1064]: |***=o o          |
[   13.981312] cloud-init[1064]: +----[SHA256]-----+
[[0;32m  OK  [0m] Started LSB: automatic crash report generation.
[[0;32m  OK  [0m] Started Permit User Sessions.
         Starting Terminate Plymouth Boot Screen...
         Starting Hold until boot process finishes up...
[[0;32m  OK  [0m] Started Hold until boot process finishes up.
[[0;32m  OK  [0m] Started Serial Getty on ttyS0.
         Starting Set console scheme...
[[0;32m  OK  [0m] Started Terminate Plymouth Boot Screen.
[[0;32m  OK  [0m] Started Set console scheme.
[[0;32m  OK  [0m] Started Login Service.
[[0;32m  OK  [0m] Started Unattended Upgrades Shutdown.
[[0;32m  OK  [0m] Created slice system-getty.slice.
[[0;32m  OK  [0m] Started Getty on tty1.
[[0;32m  OK  [0m] Reached target Login Prompts.
         Starting Authorization Manager...
[[0;32m  OK  [0m] Started LSB: Record successful boot for GRUB.
[[0;32m  OK  [0m] Started Authorization Manager.
[[0;32m  OK  [0m] Started Accounts Service.
[[0;32m  OK  [0m] Started LXD - container startup/shutdown.
[[0;32m  OK  [0m] Started Virtualbox guest utils.
[[0;32m  OK  [0m] Started Dispatcher daemon for systemd-networkd.
[[0;32m  OK  [0m] Started Snap Daemon.
         Starting Wait until snapd is fully seeded...
[[0;32m  OK  [0m] Started Pollinate to seed the pseudo random number generator.
         Starting OpenBSD Secure Shell server...
[[0;32m  OK  [0m] Started OpenBSD Secure Shell server.
[[0;32m  OK  [0m] Created slice User Slice of vagrant.
         Starting User Manager for UID 1000...
[[0;32m  OK  [0m] Started Session 1 of user vagrant.
[[0;32m  OK  [0m] Started User Manager for UID 1000.
         Starting Time & Date Service...
[[0;32m  OK  [0m] Started Time & Date Service.
[[0;32m  OK  [0m] Started Wait until snapd is fully seeded.
         Starting Apply the settings specified in cloud-config...
[   16.855048] cloud-init[1783]: Cloud-init v. 23.1.2-0ubuntu0~18.04.1 running 'modules:config' at Thu, 25 Apr 2024 10:11:19 +0000. Up 16.61 seconds.
[[0;32m  OK  [0m] Started Apply the settings specified in cloud-config.
[[0;32m  OK  [0m] Reached target Multi-User System.
[[0;32m  OK  [0m] Reached target Graphical Interface.
         Starting Execute cloud user/final scripts...
         Starting Update UTMP about System Runlevel Changes...
[[0;32m  OK  [0m] Started Update UTMP about System Runlevel Changes.
ci-info: no authorized SSH keys fingerprints found for user ubuntu.
<14>Apr 25 10:11:20 cloud-init: #############################################################
<14>Apr 25 10:11:20 cloud-init: -----BEGIN SSH HOST KEY FINGERPRINTS-----
<14>Apr 25 10:11:20 cloud-init: 1024 SHA256:XfE5KZls6dffXdE6QZldQtVQfkkmjf20AgapPSmudss root@ubuntu-bionic (DSA)
<14>Apr 25 10:11:20 cloud-init: 256 SHA256:iXVZGvr4fjDpfNhCUTfgNvCT7uhp+Q0TwVZ8iIm7u54 root@ubuntu-bionic (ECDSA)
<14>Apr 25 10:11:20 cloud-init: 256 SHA256:Me2qXAL5moauMU+0ZfINWirgoeid4oS8or0UNBAM7j8 root@ubuntu-bionic (ED25519)
<14>Apr 25 10:11:20 cloud-init: 2048 SHA256:vba3cH+4+ULnIKiW4/yfdWN8kxT/RnJVHBYFQvqr3e4 root@ubuntu-bionic (RSA)
<14>Apr 25 10:11:20 cloud-init: -----END SSH HOST KEY FINGERPRINTS-----
<14>Apr 25 10:11:20 cloud-init: #############################################################
-----BEGIN SSH HOST KEY KEYS-----
ecdsa-sha2-nistp256 AAAAE2VjZHNhLXNoYTItbmlzdHAyNTYAAAAIbmlzdHAyNTYAAABBBOpzVX9eqiK+gJJhP8PdndBI07Dmp7XFxJw+XEAWKUmAWA4pwI+TCV7Z4g+p3AvAtnlR/WdOBj6RuBZhzML3j4A= root@ubuntu-bionic
ssh-ed25519 AAAAC3NzaC1lZDI1NTE5AAAAIEnO7MkABEptBeQDvEF/MNBocLQPEzVtowLypBywh9s6 root@ubuntu-bionic
ssh-rsa AAAAB3NzaC1yc2EAAAADAQABAAABAQCoZ20gp7WErW5L79mQfb9Cggg1ktFSVJSEDAfQkg3HOXPsU51a5sajgX0WXYLSXYO3xIQKxzasbbHx5znAxyA0kfvmPbIUU4UN62uQKl/wJvmI8HgSNYcz9aLWhrvDLe77/WkrqH9DpbyZ3Q4g6ihUYiBeUYzx4ATua0DhgG8I9qEYINEQRAfG2YSz9D/353QqvF8hkUTHz/b4ETrz8ilWOeMxjsiIr5fniRgZ+Jx4rW3pkJ8ylk3vk0zW/5MJQ7LFE8oNEuiOPXUagRAwQ7zSx91NlKZVb0syk2apSWickZvjfW82X8RPA2GJjwPKq7GciAK9LUtSUp6EtbTU7Ay1 root@ubuntu-bionic
-----END SSH HOST KEY KEYS-----
[   17.309696] cloud-init[1898]: Cloud-init v. 23.1.2-0ubuntu0~18.04.1 running 'modules:final' at Thu, 25 Apr 2024 10:11:20 +0000. Up 17.18 seconds.
[   17.310803] cloud-init[1898]: Cloud-init v. 23.1.2-0ubuntu0~18.04.1 finished at Thu, 25 Apr 2024 10:11:20 +0000. Datasource DataSourceNoCloud [seed=/dev/sdb][dsmode=net].  Up 17.30 seconds
[[0;32m  OK  [0m] Started Execute cloud user/final scripts.
[[0;32m  OK  [0m] Reached target Cloud-init target.

Ubuntu 18.04.6 LTS ubuntu-bionic ttyS0

ubuntu-bionic login: 